11:06:45.978 [main] INFO  testCases.TC_001_AccountregistrationTest - ***** finished  TC_001_AccountregistrationTest  **** 
11:06:48.506 [main] INFO  testCases.TC_002_LoginTest - **** Starting TC_002_LoginTest  ****
11:06:48.506 [main] DEBUG testCases.TC_002_LoginTest - capturing application debug logs....
11:06:48.970 [main] INFO  testCases.TC_002_LoginTest - clicked on myaccount link on the home page..
11:06:49.386 [main] INFO  testCases.TC_002_LoginTest - clicked on login link under myaccount..
11:06:49.390 [main] INFO  testCases.TC_002_LoginTest - Entering valid email and password..
11:06:50.013 [main] INFO  testCases.TC_002_LoginTest - clicked on login button..
11:06:50.103 [main] INFO  testCases.TC_002_LoginTest - Login test passed...
11:06:50.103 [main] INFO  testCases.TC_002_LoginTest - **** Finished TC_002_LoginTest  ****
17:03:41.892 [main] INFO  testCases.TC_001_AccountregistrationTest - *****   starting TC_001_AccountregistrationTest  ****
17:03:41.897 [main] DEBUG testCases.TC_001_AccountregistrationTest - application logs..........
17:03:42.416 [main] INFO  testCases.TC_001_AccountregistrationTest - clicked on My account link
17:03:43.419 [main] INFO  testCases.TC_001_AccountregistrationTest - clicked on register link
17:03:43.419 [main] INFO  testCases.TC_001_AccountregistrationTest - Entering customer details
17:03:45.016 [main] INFO  testCases.TC_001_AccountregistrationTest - clicked on continue
17:03:45.076 [main] INFO  testCases.TC_001_AccountregistrationTest - validating expected message
17:03:45.077 [main] INFO  testCases.TC_001_AccountregistrationTest - test passed
17:03:45.081 [main] DEBUG testCases.TC_001_AccountregistrationTest - application logs end..........
17:03:45.081 [main] INFO  testCases.TC_001_AccountregistrationTest - ***** finished  TC_001_AccountregistrationTest  **** 
17:03:47.528 [main] INFO  testCases.TC_002_LoginTest - **** Starting TC_002_LoginTest  ****
17:03:47.528 [main] DEBUG testCases.TC_002_LoginTest - capturing application debug logs....
17:03:48.119 [main] INFO  testCases.TC_002_LoginTest - clicked on myaccount link on the home page..
17:03:48.722 [main] INFO  testCases.TC_002_LoginTest - clicked on login link under myaccount..
17:03:48.726 [main] INFO  testCases.TC_002_LoginTest - Entering valid email and password..
17:03:49.501 [main] INFO  testCases.TC_002_LoginTest - clicked on login button..
17:03:49.605 [main] INFO  testCases.TC_002_LoginTest - Login test passed...
17:03:49.605 [main] INFO  testCases.TC_002_LoginTest - **** Finished TC_002_LoginTest  ****
22:47:39.317 [main] INFO  testCases.TC_001_AccountregistrationTest - *****   starting TC_001_AccountregistrationTest  ****
22:47:39.330 [main] DEBUG testCases.TC_001_AccountregistrationTest - application logs..........
22:47:39.911 [main] INFO  testCases.TC_001_AccountregistrationTest - clicked on My account link
22:47:40.531 [main] INFO  testCases.TC_001_AccountregistrationTest - clicked on register link
22:47:40.531 [main] INFO  testCases.TC_001_AccountregistrationTest - Entering customer details
22:47:42.167 [main] INFO  testCases.TC_001_AccountregistrationTest - clicked on continue
22:47:42.209 [main] INFO  testCases.TC_001_AccountregistrationTest - validating expected message
22:47:42.209 [main] INFO  testCases.TC_001_AccountregistrationTest - test passed
22:47:42.211 [main] DEBUG testCases.TC_001_AccountregistrationTest - application logs end..........
22:47:42.211 [main] INFO  testCases.TC_001_AccountregistrationTest - ***** finished  TC_001_AccountregistrationTest  **** 
22:47:45.086 [main] INFO  testCases.TC_002_LoginTest - **** Starting TC_002_LoginTest  ****
22:47:45.087 [main] DEBUG testCases.TC_002_LoginTest - capturing application debug logs....
22:47:45.644 [main] INFO  testCases.TC_002_LoginTest - clicked on myaccount link on the home page..
22:47:46.183 [main] INFO  testCases.TC_002_LoginTest - clicked on login link under myaccount..
22:47:46.186 [main] INFO  testCases.TC_002_LoginTest - Entering valid email and password..
22:47:47.078 [main] INFO  testCases.TC_002_LoginTest - clicked on login button..
22:47:47.141 [main] INFO  testCases.TC_002_LoginTest - Login test passed...
22:47:47.142 [main] INFO  testCases.TC_002_LoginTest - **** Finished TC_002_LoginTest  ****
12:24:26.488 [main] INFO  testCases.TC_001_AccountregistrationTest - *****   starting TC_001_AccountregistrationTest  ****
12:24:26.493 [main] DEBUG testCases.TC_001_AccountregistrationTest - application logs..........
12:24:26.872 [main] INFO  testCases.TC_001_AccountregistrationTest - clicked on My account link
13:18:01.928 [main] INFO  testCases.TC_001_AccountregistrationTest - *****   starting TC_001_AccountregistrationTest  ****
13:18:01.934 [main] DEBUG testCases.TC_001_AccountregistrationTest - application logs..........
13:18:12.037 [main] ERROR testCases.TC_001_AccountregistrationTest - test failed
13:18:12.037 [main] DEBUG testCases.TC_001_AccountregistrationTest - debug logs
